<component name="libraryTable">
  <library name="junit_junit_4.8.2_test">
    <CLASSES>
      <root url="jar://$USER_HOME$/tools/play-2.0.2/repository/local/junit/junit/4.8.2/jars/junit.jar!/"></root>
    </CLASSES>
    <JAVADOC> </JAVADOC>
    <SOURCES> </SOURCES>
  </library>
</component>